# JRE version: 7.0_21-b11
# Java VM: Java HotSpot(TM) 64-Bit Server VM (23.21-b01 mixed mode windows-amd64 compressed oops)
Heap
 PSYoungGen      total 134784K, used 84272K [0x00000000f0000000, 0x00000000fa8a0000, 0x0000000100000000)
  eden space 127872K, 60% used [0x00000000f0000000,0x00000000f4b921a0,0x00000000f7ce0000)
  from space 6912K, 99% used [0x00000000f80c0000,0x00000000f877a040,0x00000000f8780000)
  to   space 22400K, 0% used [0x00000000f92c0000,0x00000000f92c0000,0x00000000fa8a0000)
 ParOldGen       total 235648K, used 141138K [0x00000000d0000000, 0x00000000de620000, 0x00000000f0000000)
  object space 235648K, 59% used [0x00000000d0000000,0x00000000d89d4a38,0x00000000de620000)
 PSPermGen       total 120448K, used 85670K [0x00000000c0000000, 0x00000000c75a0000, 0x00000000d0000000)
  object space 120448K, 71% used [0x00000000c0000000,0x00000000c53a9968,0x00000000c75a0000)
GC Heap History (10 events):
Event: 9271.928 GC heap before
{Heap before GC invocations=64 (full 5):
 PSYoungGen      total 172288K, used 156582K [0x00000000f0000000, 0x00000000fcb60000, 0x0000000100000000)
  eden space 149632K, 100% used [0x00000000f0000000,0x00000000f9220000,0x00000000f9220000)
  from space 22656K, 30% used [0x00000000fb540000,0x00000000fbc09b30,0x00000000fcb60000)
  to   space 29312K, 0% used [0x00000000f9220000,0x00000000f9220000,0x00000000faec0000)
 ParOldGen       total 235648K, used 141138K [0x00000000d0000000, 0x00000000de620000, 0x00000000f0000000)
  object space 235648K, 59% used [0x00000000d0000000,0x00000000d89d4a38,0x00000000de620000)
 PSPermGen       total 120448K, used 85528K [0x00000000c0000000, 0x00000000c75a0000, 0x00000000d0000000)
  object space 120448K, 71% used [0x00000000c0000000,0x00000000c5386130,0x00000000c75a0000)
Event: 9271.947 GC heap after
Heap after GC invocations=64 (full 5):
 PSYoungGen      total 151808K, used 6888K [0x00000000f0000000, 0x00000000fc3c0000, 0x0000000100000000)
  eden space 144896K, 0% used [0x00000000f0000000,0x00000000f0000000,0x00000000f8d80000)
  from space 6912K, 99% used [0x00000000f9220000,0x00000000f98da040,0x00000000f98e0000)
  to   space 27776K, 0% used [0x00000000fa8a0000,0x00000000fa8a0000,0x00000000fc3c0000)
 ParOldGen       total 235648K, used 141138K [0x00000000d0000000, 0x00000000de620000, 0x00000000f0000000)
  object space 235648K, 59% used [0x00000000d0000000,0x00000000d89d4a38,0x00000000de620000)
 PSPermGen       total 120448K, used 85528K [0x00000000c0000000, 0x00000000c75a0000, 0x00000000d0000000)
  object space 120448K, 71% used [0x00000000c0000000,0x00000000c5386130,0x00000000c75a0000)
}
Event: 10618.898 GC heap before
{Heap before GC invocations=65 (full 5):
 PSYoungGen      total 151808K, used 151784K [0x00000000f0000000, 0x00000000fc3c0000, 0x0000000100000000)
  eden space 144896K, 100% used [0x00000000f0000000,0x00000000f8d80000,0x00000000f8d80000)
  from space 6912K, 99% used [0x00000000f9220000,0x00000000f98da040,0x00000000f98e0000)
  to   space 27776K, 0% used [0x00000000fa8a0000,0x00000000fa8a0000,0x00000000fc3c0000)
 ParOldGen       total 235648K, used 141138K [0x00000000d0000000, 0x00000000de620000, 0x00000000f0000000)
  object space 235648K, 59% used [0x00000000d0000000,0x00000000d89d4a38,0x00000000de620000)
 PSPermGen       total 120448K, used 85528K [0x00000000c0000000, 0x00000000c75a0000, 0x00000000d0000000)
  object space 120448K, 71% used [0x00000000c0000000,0x00000000c53861d8,0x00000000c75a0000)
Event: 10618.934 GC heap after
Heap after GC invocations=65 (full 5):
 PSYoungGen      total 160640K, used 6888K [0x00000000f0000000, 0x00000000fbc70000, 0x0000000100000000)
  eden space 140352K, 0% used [0x00000000f0000000,0x00000000f0000000,0x00000000f8910000)
  from space 20288K, 33% used [0x00000000fa8a0000,0x00000000faf5a040,0x00000000fbc70000)
  to   space 26304K, 0% used [0x00000000f8910000,0x00000000f8910000,0x00000000fa2c0000)
 ParOldGen       total 235648K, used 141138K [0x00000000d0000000, 0x00000000de620000, 0x00000000f0000000)
  object space 235648K, 59% used [0x00000000d0000000,0x00000000d89d4a38,0x00000000de620000)
 PSPermGen       total 120448K, used 85528K [0x00000000c0000000, 0x00000000c75a0000, 0x00000000d0000000)
  object space 120448K, 71% used [0x00000000c0000000,0x00000000c53861d8,0x00000000c75a0000)
}
Event: 11920.973 GC heap before
{Heap before GC invocations=66 (full 5):
 PSYoungGen      total 160640K, used 147240K [0x00000000f0000000, 0x00000000fbc70000, 0x0000000100000000)
  eden space 140352K, 100% used [0x00000000f0000000,0x00000000f8910000,0x00000000f8910000)
  from space 20288K, 33% used [0x00000000fa8a0000,0x00000000faf5a040,0x00000000fbc70000)
  to   space 26304K, 0% used [0x00000000f8910000,0x00000000f8910000,0x00000000fa2c0000)
 ParOldGen       total 235648K, used 141138K [0x00000000d0000000, 0x00000000de620000, 0x00000000f0000000)
  object space 235648K, 59% used [0x00000000d0000000,0x00000000d89d4a38,0x00000000de620000)
 PSPermGen       total 120448K, used 85528K [0x00000000c0000000, 0x00000000c75a0000, 0x00000000d0000000)
  object space 120448K, 71% used [0x00000000c0000000,0x00000000c53861d8,0x00000000c75a0000)
Event: 11920.998 GC heap after
Heap after GC invocations=66 (full 5):
 PSYoungGen      total 142912K, used 6888K [0x00000000f0000000, 0x00000000fb570000, 0x0000000100000000)
  eden space 136000K, 0% used [0x00000000f0000000,0x00000000f0000000,0x00000000f84d0000)
  from space 6912K, 99% used [0x00000000f8910000,0x00000000f8fca040,0x00000000f8fd0000)
  to   space 24896K, 0% used [0x00000000f9d20000,0x00000000f9d20000,0x00000000fb570000)
 ParOldGen       total 235648K, used 141138K [0x00000000d0000000, 0x00000000de620000, 0x00000000f0000000)
  object space 235648K, 59% used [0x00000000d0000000,0x00000000d89d4a38,0x00000000de620000)
 PSPermGen       total 120448K, used 85528K [0x00000000c0000000, 0x00000000c75a0000, 0x00000000d0000000)
  object space 120448K, 71% used [0x00000000c0000000,0x00000000c53861d8,0x00000000c75a0000)
}
Event: 13176.280 GC heap before
{Heap before GC invocations=67 (full 5):
 PSYoungGen      total 142912K, used 142888K [0x00000000f0000000, 0x00000000fb570000, 0x0000000100000000)
  eden space 136000K, 100% used [0x00000000f0000000,0x00000000f84d0000,0x00000000f84d0000)
  from space 6912K, 99% used [0x00000000f8910000,0x00000000f8fca040,0x00000000f8fd0000)
  to   space 24896K, 0% used [0x00000000f9d20000,0x00000000f9d20000,0x00000000fb570000)
 ParOldGen       total 235648K, used 141138K [0x00000000d0000000, 0x00000000de620000, 0x00000000f0000000)
  object space 235648K, 59% used [0x00000000d0000000,0x00000000d89d4a38,0x00000000de620000)
 PSPermGen       total 120448K, used 85529K [0x00000000c0000000, 0x00000000c75a0000, 0x00000000d0000000)
  object space 120448K, 71% used [0x00000000c0000000,0x00000000c5386478,0x00000000c75a0000)
Event: 13176.297 GC heap after
Heap after GC invocations=67 (full 5):
 PSYoungGen      total 150016K, used 6870K [0x00000000f0000000, 0x00000000faee0000, 0x0000000100000000)
  eden space 131840K, 0% used [0x00000000f0000000,0x00000000f0000000,0x00000000f80c0000)
  from space 18176K, 37% used [0x00000000f9d20000,0x00000000fa3d5b60,0x00000000faee0000)
  to   space 23616K, 0% used [0x00000000f80c0000,0x00000000f80c0000,0x00000000f97d0000)
 ParOldGen       total 235648K, used 141138K [0x00000000d0000000, 0x00000000de620000, 0x00000000f0000000)
  object space 235648K, 59% used [0x00000000d0000000,0x00000000d89d4a38,0x00000000de620000)
 PSPermGen       total 120448K, used 85529K [0x00000000c0000000, 0x00000000c75a0000, 0x00000000d0000000)
  object space 120448K, 71% used [0x00000000c0000000,0x00000000c5386478,0x00000000c75a0000)
}
Event: 14388.833 GC heap before
{Heap before GC invocations=68 (full 5):
 PSYoungGen      total 150016K, used 138710K [0x00000000f0000000, 0x00000000faee0000, 0x0000000100000000)
  eden space 131840K, 100% used [0x00000000f0000000,0x00000000f80c0000,0x00000000f80c0000)
  from space 18176K, 37% used [0x00000000f9d20000,0x00000000fa3d5b60,0x00000000faee0000)
  to   space 23616K, 0% used [0x00000000f80c0000,0x00000000f80c0000,0x00000000f97d0000)
 ParOldGen       total 235648K, used 141138K [0x00000000d0000000, 0x00000000de620000, 0x00000000f0000000)
  object space 235648K, 59% used [0x00000000d0000000,0x00000000d89d4a38,0x00000000de620000)
 PSPermGen       total 120448K, used 85529K [0x00000000c0000000, 0x00000000c75a0000, 0x00000000d0000000)
  object space 120448K, 71% used [0x00000000c0000000,0x00000000c5386478,0x00000000c75a0000)
Event: 14388.855 GC heap after
Heap after GC invocations=68 (full 5):
 PSYoungGen      total 134784K, used 6888K [0x00000000f0000000, 0x00000000fa8a0000, 0x0000000100000000)
  eden space 127872K, 0% used [0x00000000f0000000,0x00000000f0000000,0x00000000f7ce0000)
  from space 6912K, 99% used [0x00000000f80c0000,0x00000000f877a040,0x00000000f8780000)
  to   space 22400K, 0% used [0x00000000f92c0000,0x00000000f92c0000,0x00000000fa8a0000)
 ParOldGen       total 235648K, used 141138K [0x00000000d0000000, 0x00000000de620000, 0x00000000f0000000)
  object space 235648K, 59% used [0x00000000d0000000,0x00000000d89d4a38,0x00000000de620000)
 PSPermGen       total 120448K, used 85529K [0x00000000c0000000, 0x00000000c75a0000, 0x00000000d0000000)
  object space 120448K, 71% used [0x00000000c0000000,0x00000000c5386478,0x00000000c75a0000)
}

